{"C:\\Users\\LevTin\\Desktop\\camelCaseObject\\src\\index.js":{"path":"C:\\Users\\LevTin\\Desktop\\camelCaseObject\\src\\index.js","s":{"1":1,"2":1,"3":13,"4":156,"5":156,"6":11,"7":11,"8":13,"9":1},"b":{"1":[11,145]},"f":{},"fnMap":{},"statementMap":{"1":{"start":{"line":1,"column":0},"end":{"line":1,"column":37}},"2":{"start":{"line":3,"column":0},"end":{"line":14,"column":2}},"3":{"start":{"line":5,"column":2},"end":{"line":12,"column":5}},"4":{"start":{"line":6,"column":4},"end":{"line":6,"column":23}},"5":{"start":{"line":8,"column":4},"end":{"line":11,"column":5}},"6":{"start":{"line":9,"column":6},"end":{"line":9,"column":24}},"7":{"start":{"line":10,"column":6},"end":{"line":10,"column":22}},"8":{"start":{"line":13,"column":2},"end":{"line":13,"column":13}},"9":{"start":{"line":16,"column":0},"end":{"line":18,"column":2}}},"branchMap":{"1":{"line":8,"type":"if","locations":[{"start":{"line":8,"column":4},"end":{"line":8,"column":4}},{"start":{"line":8,"column":4},"end":{"line":8,"column":4}}]}}},"C:\\Users\\LevTin\\Desktop\\camelCaseObject\\src\\camelCase.js":{"path":"C:\\Users\\LevTin\\Desktop\\camelCaseObject\\src\\camelCase.js","s":{"1":1,"2":10,"3":10,"4":167,"5":167,"6":27,"7":27,"8":27,"9":140,"10":10,"11":1,"12":156,"13":156,"14":156,"15":156,"16":0,"17":156,"18":0,"19":156,"20":146,"21":0,"22":146,"23":1,"24":145,"25":10,"26":10,"27":29},"b":{"1":[27,140],"2":[167,127,98],"3":[0,156],"4":[0,156],"5":[146,10],"6":[0,146],"7":[1,145]},"f":{"1":156},"fnMap":{"1":{"name":"convert","line":19,"loc":{"start":{"line":19,"column":17},"end":{"line":19,"column":36}}}},"statementMap":{"1":{"start":{"line":1,"column":0},"end":{"line":17,"column":2}},"2":{"start":{"line":2,"column":2},"end":{"line":2,"column":30}},"3":{"start":{"line":4,"column":2},"end":{"line":14,"column":3}},"4":{"start":{"line":5,"column":4},"end":{"line":5,"column":26}},"5":{"start":{"line":7,"column":4},"end":{"line":13,"column":5}},"6":{"start":{"line":8,"column":6},"end":{"line":8,"column":51}},"7":{"start":{"line":9,"column":6},"end":{"line":9,"column":30}},"8":{"start":{"line":10,"column":6},"end":{"line":10,"column":10}},"9":{"start":{"line":12,"column":6},"end":{"line":12,"column":46}},"10":{"start":{"line":16,"column":2},"end":{"line":16,"column":13}},"11":{"start":{"line":19,"column":0},"end":{"line":54,"column":2}},"12":{"start":{"line":20,"column":2},"end":{"line":24,"column":15}},"13":{"start":{"line":21,"column":4},"end":{"line":21,"column":23}},"14":{"start":{"line":23,"column":4},"end":{"line":23,"column":23}},"15":{"start":{"line":26,"column":2},"end":{"line":28,"column":3}},"16":{"start":{"line":27,"column":4},"end":{"line":27,"column":14}},"17":{"start":{"line":30,"column":2},"end":{"line":32,"column":3}},"18":{"start":{"line":31,"column":4},"end":{"line":31,"column":29}},"19":{"start":{"line":34,"column":2},"end":{"line":44,"column":3}},"20":{"start":{"line":35,"column":4},"end":{"line":37,"column":5}},"21":{"start":{"line":36,"column":6},"end":{"line":36,"column":31}},"22":{"start":{"line":39,"column":4},"end":{"line":41,"column":5}},"23":{"start":{"line":40,"column":6},"end":{"line":40,"column":49}},"24":{"start":{"line":43,"column":4},"end":{"line":43,"column":15}},"25":{"start":{"line":46,"column":2},"end":{"line":46,"column":31}},"26":{"start":{"line":48,"column":2},"end":{"line":53,"column":5}},"27":{"start":{"line":52,"column":4},"end":{"line":52,"column":28}}},"branchMap":{"1":{"line":7,"type":"if","locations":[{"start":{"line":7,"column":4},"end":{"line":7,"column":4}},{"start":{"line":7,"column":4},"end":{"line":7,"column":4}}]},"2":{"line":7,"type":"binary-expr","locations":[{"start":{"line":7,"column":8},"end":{"line":7,"column":23}},{"start":{"line":7,"column":27},"end":{"line":7,"column":47}},{"start":{"line":7,"column":51},"end":{"line":7,"column":72}}]},"3":{"line":26,"type":"if","locations":[{"start":{"line":26,"column":2},"end":{"line":26,"column":2}},{"start":{"line":26,"column":2},"end":{"line":26,"column":2}}]},"4":{"line":30,"type":"if","locations":[{"start":{"line":30,"column":2},"end":{"line":30,"column":2}},{"start":{"line":30,"column":2},"end":{"line":30,"column":2}}]},"5":{"line":34,"type":"if","locations":[{"start":{"line":34,"column":2},"end":{"line":34,"column":2}},{"start":{"line":34,"column":2},"end":{"line":34,"column":2}}]},"6":{"line":35,"type":"if","locations":[{"start":{"line":35,"column":4},"end":{"line":35,"column":4}},{"start":{"line":35,"column":4},"end":{"line":35,"column":4}}]},"7":{"line":39,"type":"if","locations":[{"start":{"line":39,"column":4},"end":{"line":39,"column":4}},{"start":{"line":39,"column":4},"end":{"line":39,"column":4}}]}}}}