TN:
SF:C:\Users\LevTin\Desktop\camelCaseObject\src\index.js
FNF:0
FNH:0
DA:1,1
DA:3,1
DA:5,13
DA:6,156
DA:8,156
DA:9,11
DA:10,11
DA:13,13
DA:16,1
LF:9
LH:9
BRDA:8,1,0,11
BRDA:8,1,1,145
BRF:2
BRH:2
end_of_record
TN:
SF:C:\Users\LevTin\Desktop\camelCaseObject\src\camelCase.js
FN:19,convert
FNF:1
FNH:1
FNDA:156,convert
DA:1,1
DA:2,10
DA:4,10
DA:5,168
DA:7,168
DA:8,27
DA:9,27
DA:10,27
DA:12,141
DA:16,10
DA:19,1
DA:20,156
DA:21,156
DA:23,156
DA:26,156
DA:27,0
DA:30,156
DA:31,0
DA:34,156
DA:35,146
DA:36,0
DA:39,146
DA:40,1
DA:43,145
DA:46,10
DA:48,10
DA:52,29
LF:27
LH:24
BRDA:7,1,0,27
BRDA:7,1,1,141
BRDA:7,2,0,168
BRDA:7,2,1,128
BRDA:7,2,2,99
BRDA:26,3,0,0
BRDA:26,3,1,156
BRDA:30,4,0,0
BRDA:30,4,1,156
BRDA:34,5,0,146
BRDA:34,5,1,10
BRDA:35,6,0,0
BRDA:35,6,1,146
BRDA:39,7,0,1
BRDA:39,7,1,145
BRF:15
BRH:12
end_of_record
